/home/u2024141030/.conda/envs/bind/lib/python3.10/site-packages/torchvision/transforms/_functional_video.py:6: UserWarning: The 'torchvision.transforms._functional_video' module is deprecated since 0.12 and will be removed in the future. Please use the 'torchvision.transforms.functional' module instead.
  warnings.warn(
/home/u2024141030/.conda/envs/bind/lib/python3.10/site-packages/torchvision/transforms/_transforms_video.py:22: UserWarning: The 'torchvision.transforms._transforms_video' module is deprecated since 0.12 and will be removed in the future. Please use the 'torchvision.transforms' module instead.
  warnings.warn(
Traceback (most recent call last):
  File "/groups/g900403/home/share/wzj/wyh/BeamMM2/evaluate_MultiModalEncoderDecoderModel.py", line 330, in <module>
    main()
  File "/groups/g900403/home/share/wzj/wyh/BeamMM2/evaluate_MultiModalEncoderDecoderModel.py", line 238, in main
    test_dataset = Subset(dataset, test_indices)
NameError: name 'test_indices' is not defined
/home/u2024141030/.conda/envs/bind/lib/python3.10/site-packages/torchvision/transforms/_functional_video.py:6: UserWarning: The 'torchvision.transforms._functional_video' module is deprecated since 0.12 and will be removed in the future. Please use the 'torchvision.transforms.functional' module instead.
  warnings.warn(
/home/u2024141030/.conda/envs/bind/lib/python3.10/site-packages/torchvision/transforms/_transforms_video.py:22: UserWarning: The 'torchvision.transforms._transforms_video' module is deprecated since 0.12 and will be removed in the future. Please use the 'torchvision.transforms' module instead.
  warnings.warn(
Traceback (most recent call last):
  File "/groups/g900403/home/share/wzj/wyh/BeamMM2/evaluate_MultiModalEncoderDecoderModel.py", line 330, in <module>
    main()
  File "/groups/g900403/home/share/wzj/wyh/BeamMM2/evaluate_MultiModalEncoderDecoderModel.py", line 238, in main
    test_dataset = Subset(dataset, test_indices)
NameError: name 'test_indices' is not defined
